INFO:discord.client:logging in using static token
INFO:discord.gateway:Shard ID None has sent the IDENTIFY payload.
INFO:discord.gateway:Shard ID None has connected to Gateway: ["gateway-prd-main-kl1r",{"micros":60441,"calls":["discord-sessions-green-prd-2-108",{"micros":55585,"calls":["start_session",{"micros":40409,"calls":["discord-api-768499f95b-g47x5",{"micros":35946,"calls":["get_user",{"micros":9679},"add_authorized_ip",{"micros":1488},"get_guilds",{"micros":4396},"coros_wait",{"micros":1}]}]},"guilds_connect",{"micros":1,"calls":[]},"presence_connect",{"micros":12864,"calls":[]}]}]}] (Session ID: c9c1e62704527b10c975d2b25ca1c3ec).
INFO:root:Logged in as DALL-E Mini Testing#3350 (ID: 985145860033765396
INFO:discord.client:logging in using static token
INFO:discord.gateway:Shard ID None has sent the IDENTIFY payload.
INFO:discord.gateway:Shard ID None has connected to Gateway: ["gateway-prd-main-4xrw",{"micros":95994,"calls":["discord-sessions-green-prd-2-129",{"micros":94685,"calls":["start_session",{"micros":39258,"calls":["discord-api-768499f95b-7sq55",{"micros":35891,"calls":["get_user",{"micros":8043},"add_authorized_ip",{"micros":1469},"get_guilds",{"micros":3654},"coros_wait",{"micros":1}]}]},"guilds_connect",{"micros":1,"calls":[]},"presence_connect",{"micros":43249,"calls":[]}]}]}] (Session ID: 92940997091ef80b1b4767400b3f4470).
INFO:root:Logged in as DALL-E Mini Testing#3350 (ID: 985145860033765396
INFO:root:Got request to generate images with prompt "averysumner" for averysumner#3787 (ID: 101475937589166080)
WARNING:root:Image generate request failed on attempt 1 for prompt "averysumner" issued by averysumner#3787 (ID: 101475937589166080)
WARNING:root:Image generate request failed on attempt 2 for prompt "averysumner" issued by averysumner#3787 (ID: 101475937589166080)
WARNING:root:Image generate request failed on attempt 3 for prompt "averysumner" issued by averysumner#3787 (ID: 101475937589166080)
WARNING:root:Image generate request failed on attempt 4 for prompt "averysumner" issued by averysumner#3787 (ID: 101475937589166080)
WARNING:root:Image generate request failed on attempt 5 for prompt "averysumner" issued by averysumner#3787 (ID: 101475937589166080)
WARNING:root:Image generate request failed on attempt 6 for prompt "averysumner" issued by averysumner#3787 (ID: 101475937589166080)
WARNING:root:Image generate request failed on attempt 7 for prompt "averysumner" issued by averysumner#3787 (ID: 101475937589166080)
WARNING:root:Image generate request failed on attempt 8 for prompt "averysumner" issued by averysumner#3787 (ID: 101475937589166080)
INFO:root:Got request to generate images with prompt "among us" for averysumner#3787 (ID: 101475937589166080)
INFO:root:Got request to generate images with prompt "among us" for averysumner#3787 (ID: 101475937589166080)
WARNING:root:Image generate request failed on attempt 1 for prompt "among us" issued by averysumner#3787 (ID: 101475937589166080)
WARNING:root:Image generate request failed on attempt 2 for prompt "among us" issued by averysumner#3787 (ID: 101475937589166080)
WARNING:root:Image generate request failed on attempt 3 for prompt "among us" issued by averysumner#3787 (ID: 101475937589166080)
WARNING:root:Image generate request failed on attempt 4 for prompt "among us" issued by averysumner#3787 (ID: 101475937589166080)
WARNING:root:Image generate request failed on attempt 5 for prompt "among us" issued by averysumner#3787 (ID: 101475937589166080)
INFO:root:Successfully generated images with prompt "averysumner" for averysumner#3787 (ID: 101475937589166080)
INFO:root:averysumner#3787 (ID: 101475937589166080) requested image #1
INFO:root:Successfully generated images with prompt "among us" for averysumner#3787 (ID: 101475937589166080)
